<?xml version="1.0" encoding="UTF-8"?>
<!-- Generated by org.testng.reporters.JUnitReportReporter -->
<testsuite hostname="e11e47e61bd6" failures="0" tests="20" name="tests.FlightReservationTest" time="38.939" errors="0" timestamp="2023-12-02T12:53:00 GMT" skipped="0">
  <testcase classname="tests.FlightReservationTest" name="registrationConfirmation" time="2.018"/>
  <testcase classname="tests.FlightReservationTest" name="registrationConfirmation" time="2.404"/>
  <testcase classname="tests.FlightReservationTest" name="flightSerchTest" time="2.474"/>
  <testcase classname="tests.FlightReservationTest" name="userRegistrationTest" time="1.867"/>
  <testcase classname="tests.FlightReservationTest" name="flightSelectionTest" time="1.058"/>
  <testcase classname="tests.FlightReservationTest" name="flightSerchTest" time="1.564"/>
  <testcase classname="tests.FlightReservationTest" name="userRegistrationTest" time="2.832"/>
  <testcase classname="tests.FlightReservationTest" name="flightConfirmation" time="2.428"/>
  <testcase classname="tests.FlightReservationTest" name="registrationConfirmation" time="0.830"/>
  <testcase classname="tests.FlightReservationTest" name="flightSelectionTest" time="2.862"/>
  <testcase classname="tests.FlightReservationTest" name="flightSerchTest" time="2.698"/>
  <testcase classname="tests.FlightReservationTest" name="flightSelectionTest" time="2.671"/>
  <testcase classname="tests.FlightReservationTest" name="registrationConfirmation" time="0.873"/>
  <testcase classname="tests.FlightReservationTest" name="flightSelectionTest" time="2.313"/>
  <testcase classname="tests.FlightReservationTest" name="flightConfirmation" time="2.302"/>
  <testcase classname="tests.FlightReservationTest" name="userRegistrationTest" time="1.809"/>
  <testcase classname="tests.FlightReservationTest" name="flightConfirmation" time="0.746"/>
  <testcase classname="tests.FlightReservationTest" name="flightConfirmation" time="1.212"/>
  <testcase classname="tests.FlightReservationTest" name="userRegistrationTest" time="1.764"/>
  <testcase classname="tests.FlightReservationTest" name="flightSerchTest" time="2.214"/>
</testsuite> <!-- tests.FlightReservationTest -->
